Traceback (most recent call last):
  File "/home/user/Desktop/script/open_url.py", line 4, in <module>
    with open('url.txt', 'r') as file:
         ^^^^^^^^^^^^^^^^^^^^
FileNotFoundError: [Errno 2] No such file or directory: 'url.txt'
[1772:1772:0302/160731.133408:ERROR:ozone_platform_x11.cc(244)] Missing X server or $DISPLAY
[1772:1772:0302/160731.133995:ERROR:env.cc(258)] The platform failed to initialize.  Exiting.
error: XDG_RUNTIME_DIR is invalid or not set in the environment.
[1772:1805:0302/161021.917143:ERROR:bus.cc(407)] Failed to connect to the bus: Could not parse server address: Unknown address type (examples of valid types are "tcp" and on UNIX "unix")
[1772:1805:0302/161021.917372:ERROR:bus.cc(407)] Failed to connect to the bus: Could not parse server address: Unknown address type (examples of valid types are "tcp" and on UNIX "unix")
[1772:1805:0302/161021.917498:ERROR:bus.cc(407)] Failed to connect to the bus: Could not parse server address: Unknown address type (examples of valid types are "tcp" and on UNIX "unix")
[1772:1805:0302/161021.917529:ERROR:bus.cc(407)] Failed to connect to the bus: Could not parse server address: Unknown address type (examples of valid types are "tcp" and on UNIX "unix")
[1772:1805:0302/161021.917549:ERROR:bus.cc(407)] Failed to connect to the bus: Could not parse server address: Unknown address type (examples of valid types are "tcp" and on UNIX "unix")
[1772:1805:0302/161022.631553:ERROR:bus.cc(407)] Failed to connect to the bus: Could not parse server address: Unknown address type (examples of valid types are "tcp" and on UNIX "unix")
[1772:1805:0302/161022.631601:ERROR:bus.cc(407)] Failed to connect to the bus: Could not parse server address: Unknown address type (examples of valid types are "tcp" and on UNIX "unix")
[1772:1801:0302/161023.033964:ERROR:bus.cc(407)] Failed to connect to the bus: Could not parse server address: Unknown address type (examples of valid types are "tcp" and on UNIX "unix")
[1772:1805:0302/161023.094898:ERROR:bus.cc(407)] Failed to connect to the bus: Could not parse server address: Unknown address type (examples of valid types are "tcp" and on UNIX "unix")
[1772:1805:0302/161023.094949:ERROR:bus.cc(407)] Failed to connect to the bus: Could not parse server address: Unknown address type (examples of valid types are "tcp" and on UNIX "unix")
[1772:1772:0302/161023.500709:ERROR:object_proxy.cc(576)] Failed to call method: org.freedesktop.DBus.NameHasOwner: object_path= /org/freedesktop/DBus: unknown error type: 
[1772:1827:0302/161023.501162:ERROR:bus.cc(407)] Failed to connect to the bus: Could not parse server address: Unknown address type (examples of valid types are "tcp" and on UNIX "unix")
[1772:1772:0302/161023.562593:ERROR:object_proxy.cc(576)] Failed to call method: org.freedesktop.DBus.NameHasOwner: object_path= /org/freedesktop/DBus: unknown error type: 
[1772:1802:0302/161023.562678:ERROR:bus.cc(407)] Failed to connect to the bus: Could not parse server address: Unknown address type (examples of valid types are "tcp" and on UNIX "unix")
[1772:1772:0302/161023.579681:ERROR:object_proxy.cc(576)] Failed to call method: org.freedesktop.DBus.NameHasOwner: object_path= /org/freedesktop/DBus: unknown error type: 
[1772:1802:0302/161023.579904:ERROR:bus.cc(407)] Failed to connect to the bus: Could not parse server address: Unknown address type (examples of valid types are "tcp" and on UNIX "unix")
[1772:1772:0302/161023.585922:ERROR:object_proxy.cc(576)] Failed to call method: org.freedesktop.DBus.NameHasOwner: object_path= /org/freedesktop/DBus: unknown error type: 
[1772:1803:0302/161023.586182:ERROR:bus.cc(407)] Failed to connect to the bus: Could not parse server address: Unknown address type (examples of valid types are "tcp" and on UNIX "unix")
[1772:1772:0302/161023.588382:ERROR:object_proxy.cc(576)] Failed to call method: org.freedesktop.DBus.NameHasOwner: object_path= /org/freedesktop/DBus: unknown error type: 
error: XDG_RUNTIME_DIR is invalid or not set in the environment.
error: XDG_RUNTIME_DIR is invalid or not set in the environment.
[1830:1830:0302/161024.874852:ERROR:gbm_wrapper.cc(79)] Failed to get fd for plane.: No such file or directory (2)
[1830:1830:0302/161024.879437:ERROR:gbm_wrapper.cc(262)] Failed to export buffer to dma_buf: No such file or directory (2)
[1830:1830:0302/161024.879516:ERROR:gbm_wrapper.cc(79)] Failed to get fd for plane.: No such file or directory (2)
[1830:1830:0302/161024.879559:ERROR:gbm_wrapper.cc(262)] Failed to export buffer to dma_buf: No such file or directory (2)
[1830:1830:0302/161024.879617:ERROR:gbm_wrapper.cc(79)] Failed to get fd for plane.: No such file or directory (2)
[1830:1830:0302/161024.879654:ERROR:gbm_wrapper.cc(262)] Failed to export buffer to dma_buf: No such file or directory (2)
[1830:1830:0302/161024.879711:ERROR:gbm_wrapper.cc(79)] Failed to get fd for plane.: No such file or directory (2)
[1830:1830:0302/161024.879747:ERROR:gbm_wrapper.cc(262)] Failed to export buffer to dma_buf: No such file or directory (2)
[1830:1830:0302/161024.879805:ERROR:gbm_wrapper.cc(79)] Failed to get fd for plane.: No such file or directory (2)
[1830:1830:0302/161024.879842:ERROR:gbm_wrapper.cc(262)] Failed to export buffer to dma_buf: No such file or directory (2)
[1830:1830:0302/161024.879899:ERROR:gbm_wrapper.cc(79)] Failed to get fd for plane.: No such file or directory (2)
[1830:1830:0302/161024.879933:ERROR:gbm_wrapper.cc(262)] Failed to export buffer to dma_buf: No such file or directory (2)
[1830:1830:0302/161024.879995:ERROR:gbm_wrapper.cc(79)] Failed to get fd for plane.: No such file or directory (2)
[1830:1830:0302/161024.880031:ERROR:gbm_wrapper.cc(262)] Failed to export buffer to dma_buf: No such file or directory (2)
[1830:1830:0302/161024.881388:ERROR:gbm_wrapper.cc(79)] Failed to get fd for plane.: No such file or directory (2)
[1830:1830:0302/161024.881433:ERROR:gbm_wrapper.cc(262)] Failed to export buffer to dma_buf: No such file or directory (2)
[1830:1830:0302/161024.881491:ERROR:gbm_wrapper.cc(79)] Failed to get fd for plane.: No such file or directory (2)
[1830:1830:0302/161024.881536:ERROR:gbm_wrapper.cc(262)] Failed to export buffer to dma_buf: No such file or directory (2)
[1830:1830:0302/161024.881594:ERROR:gbm_wrapper.cc(79)] Failed to get fd for plane.: No such file or directory (2)
[1830:1830:0302/161024.881630:ERROR:gbm_wrapper.cc(262)] Failed to export buffer to dma_buf: No such file or directory (2)
[1830:1830:0302/161024.881685:ERROR:gbm_wrapper.cc(79)] Failed to get fd for plane.: No such file or directory (2)
[1830:1830:0302/161024.881723:ERROR:gbm_wrapper.cc(262)] Failed to export buffer to dma_buf: No such file or directory (2)
[1830:1830:0302/161024.881780:ERROR:gbm_wrapper.cc(79)] Failed to get fd for plane.: No such file or directory (2)
[1830:1830:0302/161024.881815:ERROR:gbm_wrapper.cc(262)] Failed to export buffer to dma_buf: No such file or directory (2)
[1830:1830:0302/161024.881871:ERROR:gbm_wrapper.cc(79)] Failed to get fd for plane.: No such file or directory (2)
[1830:1830:0302/161024.881906:ERROR:gbm_wrapper.cc(262)] Failed to export buffer to dma_buf: No such file or directory (2)
[1830:1830:0302/161024.881964:ERROR:gbm_wrapper.cc(79)] Failed to get fd for plane.: No such file or directory (2)
[1830:1830:0302/161024.881999:ERROR:gbm_wrapper.cc(262)] Failed to export buffer to dma_buf: No such file or directory (2)
[1830:1907:0302/161024.897840:ERROR:v4l2_utils.cc(584)] Could not open /dev/video10: No such file or directory (2)
[1830:1907:0302/161024.898154:ERROR:v4l2_utils.cc(584)] Could not open /dev/video10: No such file or directory (2)
[1830:1907:0302/161024.898294:ERROR:v4l2_utils.cc(584)] Could not open /dev/video10: No such file or directory (2)
[1830:1830:0302/161027.226356:ERROR:gl_surface_presentation_helper.cc(260)] GetVSyncParametersIfAvailable() failed for 1 times!
[1830:1830:0302/161027.314300:ERROR:gl_surface_presentation_helper.cc(260)] GetVSyncParametersIfAvailable() failed for 2 times!
[1830:1830:0302/161031.198171:ERROR:gl_surface_presentation_helper.cc(260)] GetVSyncParametersIfAvailable() failed for 3 times!
